<?xml version="1.0" encoding="UTF-8"?>
<robot generator="Robot 3.1 (Python 3.7.0 on win32)" generated="20181229 17:44:57.255" rpa="false">
<suite id="s1" name="Check Blocking" source="C:\Users\czj\Documents\codes\blockchain\chainbot\tests\check_blocking.robot">
<kw name="InitSession" library="vers" type="setup">
<kw name="Create Session" library="RequestsLibrary">
<doc>Create Session: create a HTTP session to a server</doc>
<arguments>
<arg>LOCAL</arg>
<arg>${LOCAL_URL}</arg>
</arguments>
<msg timestamp="20181229 17:44:57.351" level="INFO">Creating Session using : alias=LOCAL, url=http://127.0.0.1:8000, headers={},                     cookies=None, auth=None, timeout=None, proxies=None, verify=False,                     debug=0 </msg>
<status status="PASS" starttime="20181229 17:44:57.351" endtime="20181229 17:44:57.351"></status>
</kw>
<kw name="Create Session" library="RequestsLibrary">
<doc>Create Session: create a HTTP session to a server</doc>
<arguments>
<arg>REMOTE</arg>
<arg>${REMOTE_URL}</arg>
</arguments>
<msg timestamp="20181229 17:44:57.351" level="INFO">Creating Session using : alias=REMOTE, url=http://172.18.92.107:38000, headers={},                     cookies=None, auth=None, timeout=None, proxies=None, verify=False,                     debug=0 </msg>
<status status="PASS" starttime="20181229 17:44:57.351" endtime="20181229 17:44:57.351"></status>
</kw>
<status status="PASS" starttime="20181229 17:44:57.351" endtime="20181229 17:44:57.351"></status>
</kw>
<test id="s1-t1" name="001">
<kw name="Fetch Info" library="vers">
<doc>发送请求,无Data</doc>
<arguments>
<arg>${APIGetLatestBlock}</arg>
<arg>number</arg>
</arguments>
<assign>
<var>${num1}</var>
</assign>
<kw name="Post Data" library="vers">
<doc>发送请求</doc>
<arguments>
<arg>${method}</arg>
<arg>None</arg>
<arg>@{retfields}</arg>
<arg>server=${server}</arg>
</arguments>
<assign>
<var>${resp}</var>
</assign>
<kw name="Log" library="BuiltIn">
<doc>Logs the given message with the given level.</doc>
<arguments>
<arg>postdata=${data}</arg>
</arguments>
<msg timestamp="20181229 17:44:57.351" level="INFO">postdata=None</msg>
<status status="PASS" starttime="20181229 17:44:57.351" endtime="20181229 17:44:57.351"></status>
</kw>
<kw name="Post Request" library="RequestsLibrary">
<doc>Send a POST request on the session object found using the
given `alias`</doc>
<arguments>
<arg>${server}</arg>
<arg>${method}</arg>
<arg>data=${data}</arg>
</arguments>
<assign>
<var>${resp}</var>
</assign>
<msg timestamp="20181229 17:44:57.510" level="INFO">Post Request using : alias=REMOTE, uri=/cks/api/pbglb.do, data=&lt;empty&gt;, headers=None, files=None, allow_redirects=True </msg>
<msg timestamp="20181229 17:44:57.510" level="INFO">${resp} = &lt;Response [200]&gt;</msg>
<status status="PASS" starttime="20181229 17:44:57.351" endtime="20181229 17:44:57.510"></status>
</kw>
<kw name="To Json" library="RequestsLibrary">
<doc>Convert a string to a JSON object</doc>
<arguments>
<arg>${resp.content}</arg>
</arguments>
<assign>
<var>${body}</var>
</assign>
<msg timestamp="20181229 17:44:57.511" level="INFO">To JSON using : content={"retCode": 1,"parentHash": "58f9d12f81e9b71de7f446496565751b2ff09b29b3c588723396df7f6d46ce3e","timestamp": 1546068620894,"number": 27230,"miner": {"node": "hE3bHXju6xe2lMzChZdRcBCKNwfz","reward": "9512937595129377000","address": "59514f8d87c964520fcaf515d300e3f704bf6fcb","bcuid": "DhE3bHXju6xe2lMzChZdRcBCKNwfz"},"blockHash": "8e202bb7c505a42efcf1bac897fe5370a944323a0e27154a6b85b55da6d4c856","sliceId": 0,"stateRoot": "c6844b5a387d555ca9fcfc0434fcec906692755c89003a81c4ef886dc1393b76"} </msg>
<msg timestamp="20181229 17:44:57.511" level="INFO">To JSON using : pretty_print=False </msg>
<msg timestamp="20181229 17:44:57.511" level="INFO">${body} = {'retCode': 1, 'parentHash': '58f9d12f81e9b71de7f446496565751b2ff09b29b3c588723396df7f6d46ce3e', 'timestamp': 1546068620894, 'number': 27230, 'miner': {'node': 'hE3bHXju6xe2lMzChZdRcBCKNwfz', 'reward'...</msg>
<status status="PASS" starttime="20181229 17:44:57.510" endtime="20181229 17:44:57.511"></status>
</kw>
<kw name="Log" library="BuiltIn">
<doc>Logs the given message with the given level.</doc>
<arguments>
<arg>body=${body}</arg>
</arguments>
<msg timestamp="20181229 17:44:57.512" level="INFO">body={'retCode': 1, 'parentHash': '58f9d12f81e9b71de7f446496565751b2ff09b29b3c588723396df7f6d46ce3e', 'timestamp': 1546068620894, 'number': 27230, 'miner': {'node': 'hE3bHXju6xe2lMzChZdRcBCKNwfz', 'reward': '9512937595129377000', 'address': '59514f8d87c964520fcaf515d300e3f704bf6fcb', 'bcuid': 'DhE3bHXju6xe2lMzChZdRcBCKNwfz'}, 'blockHash': '8e202bb7c505a42efcf1bac897fe5370a944323a0e27154a6b85b55da6d4c856', 'sliceId': 0, 'stateRoot': 'c6844b5a387d555ca9fcfc0434fcec906692755c89003a81c4ef886dc1393b76'}</msg>
<status status="PASS" starttime="20181229 17:44:57.511" endtime="20181229 17:44:57.512"></status>
</kw>
<kw name="Set Variable" library="BuiltIn">
<doc>Returns the given values which can then be assigned to a variables.</doc>
<arguments>
<arg>${body}</arg>
</arguments>
<assign>
<var>${ret}</var>
</assign>
<msg timestamp="20181229 17:44:57.512" level="INFO">${ret} = {'retCode': 1, 'parentHash': '58f9d12f81e9b71de7f446496565751b2ff09b29b3c588723396df7f6d46ce3e', 'timestamp': 1546068620894, 'number': 27230, 'miner': {'node': 'hE3bHXju6xe2lMzChZdRcBCKNwfz', 'reward'...</msg>
<status status="PASS" starttime="20181229 17:44:57.512" endtime="20181229 17:44:57.512"></status>
</kw>
<kw name="${item} IN [ @{retfields} ]" type="for">
<kw name="${item} = number" type="foritem">
<kw name="Set Variable" library="BuiltIn">
<doc>Returns the given values which can then be assigned to a variables.</doc>
<arguments>
<arg>${ret["${item}"]}</arg>
</arguments>
<assign>
<var>${ret}</var>
</assign>
<msg timestamp="20181229 17:44:57.513" level="INFO">${ret} = 27230</msg>
<status status="PASS" starttime="20181229 17:44:57.513" endtime="20181229 17:44:57.513"></status>
</kw>
<status status="PASS" starttime="20181229 17:44:57.513" endtime="20181229 17:44:57.513"></status>
</kw>
<status status="PASS" starttime="20181229 17:44:57.512" endtime="20181229 17:44:57.514"></status>
</kw>
<msg timestamp="20181229 17:44:57.514" level="INFO">${resp} = 27230</msg>
<status status="PASS" starttime="20181229 17:44:57.351" endtime="20181229 17:44:57.514"></status>
</kw>
<msg timestamp="20181229 17:44:57.514" level="INFO">${num1} = 27230</msg>
<status status="PASS" starttime="20181229 17:44:57.351" endtime="20181229 17:44:57.514"></status>
</kw>
<kw name="Log To Console" library="BuiltIn">
<doc>Logs the given message to the console.</doc>
<arguments>
<arg>check.1==&gt;${num1}</arg>
</arguments>
<status status="PASS" starttime="20181229 17:44:57.515" endtime="20181229 17:44:57.516"></status>
</kw>
<kw name="Sleep" library="BuiltIn">
<doc>Pauses the test executed for the given time.</doc>
<arguments>
<arg>${Block_Time}</arg>
</arguments>
<msg timestamp="20181229 17:45:02.518" level="INFO">Slept 5 seconds</msg>
<status status="PASS" starttime="20181229 17:44:57.517" endtime="20181229 17:45:02.519"></status>
</kw>
<kw name="Fetch Info" library="vers">
<doc>发送请求,无Data</doc>
<arguments>
<arg>${APIGetLatestBlock}</arg>
<arg>number</arg>
</arguments>
<assign>
<var>${num2}</var>
</assign>
<kw name="Post Data" library="vers">
<doc>发送请求</doc>
<arguments>
<arg>${method}</arg>
<arg>None</arg>
<arg>@{retfields}</arg>
<arg>server=${server}</arg>
</arguments>
<assign>
<var>${resp}</var>
</assign>
<kw name="Log" library="BuiltIn">
<doc>Logs the given message with the given level.</doc>
<arguments>
<arg>postdata=${data}</arg>
</arguments>
<msg timestamp="20181229 17:45:02.519" level="INFO">postdata=None</msg>
<status status="PASS" starttime="20181229 17:45:02.519" endtime="20181229 17:45:02.519"></status>
</kw>
<kw name="Post Request" library="RequestsLibrary">
<doc>Send a POST request on the session object found using the
given `alias`</doc>
<arguments>
<arg>${server}</arg>
<arg>${method}</arg>
<arg>data=${data}</arg>
</arguments>
<assign>
<var>${resp}</var>
</assign>
<msg timestamp="20181229 17:45:02.557" level="INFO">Post Request using : alias=REMOTE, uri=/cks/api/pbglb.do, data=&lt;empty&gt;, headers=None, files=None, allow_redirects=True </msg>
<msg timestamp="20181229 17:45:02.558" level="INFO">${resp} = &lt;Response [200]&gt;</msg>
<status status="PASS" starttime="20181229 17:45:02.519" endtime="20181229 17:45:02.558"></status>
</kw>
<kw name="To Json" library="RequestsLibrary">
<doc>Convert a string to a JSON object</doc>
<arguments>
<arg>${resp.content}</arg>
</arguments>
<assign>
<var>${body}</var>
</assign>
<msg timestamp="20181229 17:45:02.561" level="INFO">To JSON using : content={"retCode": 1,"parentHash": "58f9d12f81e9b71de7f446496565751b2ff09b29b3c588723396df7f6d46ce3e","timestamp": 1546068620894,"number": 27230,"miner": {"node": "hE3bHXju6xe2lMzChZdRcBCKNwfz","reward": "9512937595129377000","address": "59514f8d87c964520fcaf515d300e3f704bf6fcb","bcuid": "DhE3bHXju6xe2lMzChZdRcBCKNwfz"},"blockHash": "8e202bb7c505a42efcf1bac897fe5370a944323a0e27154a6b85b55da6d4c856","sliceId": 0,"stateRoot": "c6844b5a387d555ca9fcfc0434fcec906692755c89003a81c4ef886dc1393b76"} </msg>
<msg timestamp="20181229 17:45:02.561" level="INFO">To JSON using : pretty_print=False </msg>
<msg timestamp="20181229 17:45:02.562" level="INFO">${body} = {'retCode': 1, 'parentHash': '58f9d12f81e9b71de7f446496565751b2ff09b29b3c588723396df7f6d46ce3e', 'timestamp': 1546068620894, 'number': 27230, 'miner': {'node': 'hE3bHXju6xe2lMzChZdRcBCKNwfz', 'reward'...</msg>
<status status="PASS" starttime="20181229 17:45:02.559" endtime="20181229 17:45:02.562"></status>
</kw>
<kw name="Log" library="BuiltIn">
<doc>Logs the given message with the given level.</doc>
<arguments>
<arg>body=${body}</arg>
</arguments>
<msg timestamp="20181229 17:45:02.566" level="INFO">body={'retCode': 1, 'parentHash': '58f9d12f81e9b71de7f446496565751b2ff09b29b3c588723396df7f6d46ce3e', 'timestamp': 1546068620894, 'number': 27230, 'miner': {'node': 'hE3bHXju6xe2lMzChZdRcBCKNwfz', 'reward': '9512937595129377000', 'address': '59514f8d87c964520fcaf515d300e3f704bf6fcb', 'bcuid': 'DhE3bHXju6xe2lMzChZdRcBCKNwfz'}, 'blockHash': '8e202bb7c505a42efcf1bac897fe5370a944323a0e27154a6b85b55da6d4c856', 'sliceId': 0, 'stateRoot': 'c6844b5a387d555ca9fcfc0434fcec906692755c89003a81c4ef886dc1393b76'}</msg>
<status status="PASS" starttime="20181229 17:45:02.564" endtime="20181229 17:45:02.567"></status>
</kw>
<kw name="Set Variable" library="BuiltIn">
<doc>Returns the given values which can then be assigned to a variables.</doc>
<arguments>
<arg>${body}</arg>
</arguments>
<assign>
<var>${ret}</var>
</assign>
<msg timestamp="20181229 17:45:02.570" level="INFO">${ret} = {'retCode': 1, 'parentHash': '58f9d12f81e9b71de7f446496565751b2ff09b29b3c588723396df7f6d46ce3e', 'timestamp': 1546068620894, 'number': 27230, 'miner': {'node': 'hE3bHXju6xe2lMzChZdRcBCKNwfz', 'reward'...</msg>
<status status="PASS" starttime="20181229 17:45:02.568" endtime="20181229 17:45:02.570"></status>
</kw>
<kw name="${item} IN [ @{retfields} ]" type="for">
<kw name="${item} = number" type="foritem">
<kw name="Set Variable" library="BuiltIn">
<doc>Returns the given values which can then be assigned to a variables.</doc>
<arguments>
<arg>${ret["${item}"]}</arg>
</arguments>
<assign>
<var>${ret}</var>
</assign>
<msg timestamp="20181229 17:45:02.575" level="INFO">${ret} = 27230</msg>
<status status="PASS" starttime="20181229 17:45:02.572" endtime="20181229 17:45:02.576"></status>
</kw>
<status status="PASS" starttime="20181229 17:45:02.571" endtime="20181229 17:45:02.576"></status>
</kw>
<status status="PASS" starttime="20181229 17:45:02.570" endtime="20181229 17:45:02.576"></status>
</kw>
<msg timestamp="20181229 17:45:02.578" level="INFO">${resp} = 27230</msg>
<status status="PASS" starttime="20181229 17:45:02.519" endtime="20181229 17:45:02.578"></status>
</kw>
<msg timestamp="20181229 17:45:02.580" level="INFO">${num2} = 27230</msg>
<status status="PASS" starttime="20181229 17:45:02.519" endtime="20181229 17:45:02.580"></status>
</kw>
<kw name="Log To Console" library="BuiltIn">
<doc>Logs the given message to the console.</doc>
<arguments>
<arg>check.2==&gt;${num2}</arg>
</arguments>
<status status="PASS" starttime="20181229 17:45:02.583" endtime="20181229 17:45:02.585"></status>
</kw>
<kw name="Sleep" library="BuiltIn">
<doc>Pauses the test executed for the given time.</doc>
<arguments>
<arg>${Block_Time}</arg>
</arguments>
<msg timestamp="20181229 17:45:07.597" level="INFO">Slept 5 seconds</msg>
<status status="PASS" starttime="20181229 17:45:02.588" endtime="20181229 17:45:07.597"></status>
</kw>
<kw name="Fetch Info" library="vers">
<doc>发送请求,无Data</doc>
<arguments>
<arg>${APIGetLatestBlock}</arg>
<arg>number</arg>
</arguments>
<assign>
<var>${num3}</var>
</assign>
<kw name="Post Data" library="vers">
<doc>发送请求</doc>
<arguments>
<arg>${method}</arg>
<arg>None</arg>
<arg>@{retfields}</arg>
<arg>server=${server}</arg>
</arguments>
<assign>
<var>${resp}</var>
</assign>
<kw name="Log" library="BuiltIn">
<doc>Logs the given message with the given level.</doc>
<arguments>
<arg>postdata=${data}</arg>
</arguments>
<msg timestamp="20181229 17:45:07.597" level="INFO">postdata=None</msg>
<status status="PASS" starttime="20181229 17:45:07.597" endtime="20181229 17:45:07.597"></status>
</kw>
<kw name="Post Request" library="RequestsLibrary">
<doc>Send a POST request on the session object found using the
given `alias`</doc>
<arguments>
<arg>${server}</arg>
<arg>${method}</arg>
<arg>data=${data}</arg>
</arguments>
<assign>
<var>${resp}</var>
</assign>
<msg timestamp="20181229 17:45:07.620" level="INFO">Post Request using : alias=REMOTE, uri=/cks/api/pbglb.do, data=&lt;empty&gt;, headers=None, files=None, allow_redirects=True </msg>
<msg timestamp="20181229 17:45:07.620" level="INFO">${resp} = &lt;Response [200]&gt;</msg>
<status status="PASS" starttime="20181229 17:45:07.597" endtime="20181229 17:45:07.620"></status>
</kw>
<kw name="To Json" library="RequestsLibrary">
<doc>Convert a string to a JSON object</doc>
<arguments>
<arg>${resp.content}</arg>
</arguments>
<assign>
<var>${body}</var>
</assign>
<msg timestamp="20181229 17:45:07.621" level="INFO">To JSON using : content={"retCode": 1,"parentHash": "58f9d12f81e9b71de7f446496565751b2ff09b29b3c588723396df7f6d46ce3e","timestamp": 1546068620894,"number": 27230,"miner": {"node": "hE3bHXju6xe2lMzChZdRcBCKNwfz","reward": "9512937595129377000","address": "59514f8d87c964520fcaf515d300e3f704bf6fcb","bcuid": "DhE3bHXju6xe2lMzChZdRcBCKNwfz"},"blockHash": "8e202bb7c505a42efcf1bac897fe5370a944323a0e27154a6b85b55da6d4c856","sliceId": 0,"stateRoot": "c6844b5a387d555ca9fcfc0434fcec906692755c89003a81c4ef886dc1393b76"} </msg>
<msg timestamp="20181229 17:45:07.621" level="INFO">To JSON using : pretty_print=False </msg>
<msg timestamp="20181229 17:45:07.621" level="INFO">${body} = {'retCode': 1, 'parentHash': '58f9d12f81e9b71de7f446496565751b2ff09b29b3c588723396df7f6d46ce3e', 'timestamp': 1546068620894, 'number': 27230, 'miner': {'node': 'hE3bHXju6xe2lMzChZdRcBCKNwfz', 'reward'...</msg>
<status status="PASS" starttime="20181229 17:45:07.620" endtime="20181229 17:45:07.621"></status>
</kw>
<kw name="Log" library="BuiltIn">
<doc>Logs the given message with the given level.</doc>
<arguments>
<arg>body=${body}</arg>
</arguments>
<msg timestamp="20181229 17:45:07.622" level="INFO">body={'retCode': 1, 'parentHash': '58f9d12f81e9b71de7f446496565751b2ff09b29b3c588723396df7f6d46ce3e', 'timestamp': 1546068620894, 'number': 27230, 'miner': {'node': 'hE3bHXju6xe2lMzChZdRcBCKNwfz', 'reward': '9512937595129377000', 'address': '59514f8d87c964520fcaf515d300e3f704bf6fcb', 'bcuid': 'DhE3bHXju6xe2lMzChZdRcBCKNwfz'}, 'blockHash': '8e202bb7c505a42efcf1bac897fe5370a944323a0e27154a6b85b55da6d4c856', 'sliceId': 0, 'stateRoot': 'c6844b5a387d555ca9fcfc0434fcec906692755c89003a81c4ef886dc1393b76'}</msg>
<status status="PASS" starttime="20181229 17:45:07.621" endtime="20181229 17:45:07.622"></status>
</kw>
<kw name="Set Variable" library="BuiltIn">
<doc>Returns the given values which can then be assigned to a variables.</doc>
<arguments>
<arg>${body}</arg>
</arguments>
<assign>
<var>${ret}</var>
</assign>
<msg timestamp="20181229 17:45:07.623" level="INFO">${ret} = {'retCode': 1, 'parentHash': '58f9d12f81e9b71de7f446496565751b2ff09b29b3c588723396df7f6d46ce3e', 'timestamp': 1546068620894, 'number': 27230, 'miner': {'node': 'hE3bHXju6xe2lMzChZdRcBCKNwfz', 'reward'...</msg>
<status status="PASS" starttime="20181229 17:45:07.622" endtime="20181229 17:45:07.623"></status>
</kw>
<kw name="${item} IN [ @{retfields} ]" type="for">
<kw name="${item} = number" type="foritem">
<kw name="Set Variable" library="BuiltIn">
<doc>Returns the given values which can then be assigned to a variables.</doc>
<arguments>
<arg>${ret["${item}"]}</arg>
</arguments>
<assign>
<var>${ret}</var>
</assign>
<msg timestamp="20181229 17:45:07.624" level="INFO">${ret} = 27230</msg>
<status status="PASS" starttime="20181229 17:45:07.623" endtime="20181229 17:45:07.624"></status>
</kw>
<status status="PASS" starttime="20181229 17:45:07.623" endtime="20181229 17:45:07.624"></status>
</kw>
<status status="PASS" starttime="20181229 17:45:07.623" endtime="20181229 17:45:07.625"></status>
</kw>
<msg timestamp="20181229 17:45:07.625" level="INFO">${resp} = 27230</msg>
<status status="PASS" starttime="20181229 17:45:07.597" endtime="20181229 17:45:07.625"></status>
</kw>
<msg timestamp="20181229 17:45:07.625" level="INFO">${num3} = 27230</msg>
<status status="PASS" starttime="20181229 17:45:07.597" endtime="20181229 17:45:07.625"></status>
</kw>
<kw name="Log To Console" library="BuiltIn">
<doc>Logs the given message to the console.</doc>
<arguments>
<arg>check==&gt;${num1},${num2},${num3}</arg>
</arguments>
<status status="PASS" starttime="20181229 17:45:07.626" endtime="20181229 17:45:07.627"></status>
</kw>
<kw name="Should Be True" library="BuiltIn">
<doc>Fails if the given condition is not true.</doc>
<arguments>
<arg>${num1}&lt;${num2}&lt;${num3}</arg>
</arguments>
<msg timestamp="20181229 17:45:07.628" level="FAIL">'27230&lt;27230&lt;27230' should be true.</msg>
<status status="FAIL" starttime="20181229 17:45:07.627" endtime="20181229 17:45:07.628"></status>
</kw>
<doc>检查是否正在打块,出块间隔等待5s。</doc>
<tags>
<tag>Blocking Check</tag>
</tags>
<status status="FAIL" starttime="20181229 17:44:57.351" endtime="20181229 17:45:07.629" critical="yes">'27230&lt;27230&lt;27230' should be true.</status>
</test>
<status status="FAIL" starttime="20181229 17:44:57.255" endtime="20181229 17:45:07.633"></status>
</suite>
<statistics>
<total>
<stat pass="0" fail="1">Critical Tests</stat>
<stat pass="0" fail="1">All Tests</stat>
</total>
<tag>
<stat pass="0" fail="1">Blocking Check</stat>
</tag>
<suite>
<stat pass="0" fail="1" id="s1" name="Check Blocking">Check Blocking</stat>
</suite>
</statistics>
<errors>
</errors>
</robot>
